<?xml version="1.0" encoding="UTF-8"?>
<!-- Generated by org.testng.reporters.JUnitReportReporter -->
<testsuite hostname="DESKTOP-2HL2JCU" failures="0" tests="1" name="Assignment.RunnerClass1" time="100.234" errors="0" timestamp="2023-04-12T21:59:02 IST" skipped="0">
  <testcase classname="Assignment.RunnerClass1" name="Ts_1" time="100.234"/>
  <system-out/>
</testsuite> <!-- Assignment.RunnerClass1 -->
